TIME     : 2022-11-11 09:21:01
FILE     : VBoxApi.cpp
FUNCTION : VB_RepBaseVM
LINENUM  : 397
DETAIL   : VB_RepBaseVM C:\Program Files (x86)\Nox\bin\BignoxVMS\..,base7,C:\Program Files (x86)\Nox\bin\data\base7

TIME     : 2022-11-11 09:21:01
FILE     : VBoxInternal.cpp
FUNCTION : VBI_CheckSystemDisk
LINENUM  : 1610
DETAIL   : errinfo=  

TIME     : 2022-11-11 09:21:01
FILE     : VBoxApi.cpp
FUNCTION : VB_RepBaseVM
LINENUM  : 407
DETAIL   : isBaseDisk1Exist : 1

TIME     : 2022-11-11 09:21:02
FILE     : VBoxApi.cpp
FUNCTION : VB_Init
LINENUM  : 632
DETAIL   : VBI_GetISession hr = 0

TIME     : 2022-11-11 09:21:02
FILE     : WorkThread.cpp
FUNCTION : CWorkThread::start
LINENUM  : 68
DETAIL   : WorkThread ID : 18304


TIME     : 2022-11-11 09:21:02
FILE     : WorkThread.cpp
FUNCTION : CWorkThread::start
LINENUM  : 68
DETAIL   : WorkThread ID : 15112


TIME     : 2022-11-11 09:21:02
FILE     : WorkThread.cpp
FUNCTION : CWorkThread::start
LINENUM  : 68
DETAIL   : WorkThread ID : 17036


TIME     : 2022-11-11 09:21:02
FILE     : WorkThread.cpp
FUNCTION : CWorkThread::start
LINENUM  : 68
DETAIL   : WorkThread ID : 18692


TIME     : 2022-11-11 09:21:02
FILE     : VBoxApi.cpp
FUNCTION : VB_FindMachine
LINENUM  : 1815
DETAIL   : Machine "nox" has been found.

TIME     : 2022-11-11 09:21:02
FILE     : VBoxApi.cpp
FUNCTION : VB_FindMachineEx
LINENUM  : 1185
DETAIL   : d2 p C:\Program Files (x86)\Nox\bin\BignoxVMS\nox\nox-disk2.vmdk

TIME     : 2022-11-11 09:21:02
FILE     : VBoxInternal.cpp
FUNCTION : VBI_CheckDiskRegist
LINENUM  : 1795
DETAIL   : errinfo=  

TIME     : 2022-11-11 09:21:02
FILE     : VBoxApi.cpp
FUNCTION : VB_FindMachineEx
LINENUM  : 1195
DETAIL   : VBI_CheckDisk2Regist RESULT 0

TIME     : 2022-11-11 09:21:02
FILE     : VBoxInternal.cpp
FUNCTION : VBI_CheckDiskRegist
LINENUM  : 1795
DETAIL   : errinfo=  

TIME     : 2022-11-11 09:21:02
FILE     : VBoxApi.cpp
FUNCTION : VB_FindMachineEx
LINENUM  : 1301
DETAIL   : VBI_CheckDisk1Regist RESULT 0

TIME     : 2022-11-11 09:21:02
FILE     : VBoxApi.cpp
FUNCTION : VB_FindMachineEx
LINENUM  : 1325
DETAIL   : Machine "nox" has been found.

TIME     : 2022-11-11 09:21:02
FILE     : VBoxApi.cpp
FUNCTION : VB_GetMachineState
LINENUM  : 1985
DETAIL   : Machine Status  = 1

TIME     : 2022-11-11 09:21:04
FILE     : VBoxApi.cpp
FUNCTION : VB_GetMachineState
LINENUM  : 1985
DETAIL   : Machine Status  = 1

TIME     : 2022-11-11 09:21:04
FILE     : VBoxApi.cpp
FUNCTION : VB_StartMachine
LINENUM  : 2068
DETAIL   : pV5Params=romx;0;romy;0;romwidth;720;romheight;1280;renderport;nox;callbackport;nox_c;rendertype;opengl;hwnd;461792;renderpath;libopenglrenderplus.dll;passthrough;NOXa.dll

TIME     : 2022-11-11 09:21:04
FILE     : VBoxApi.cpp
FUNCTION : VB_StartMachine
LINENUM  : 2087
DETAIL   : NoxVMHandle pID=12900

TIME     : 2022-11-11 09:21:06
FILE     : VBoxApi.cpp
FUNCTION : VB_StartMachine
LINENUM  : 2118
DETAIL   : wait over

TIME     : 2022-11-11 09:21:06
FILE     : VBoxApi.cpp
FUNCTION : VB_GetMachineState
LINENUM  : 1985
DETAIL   : Machine Status  = 5

TIME     : 2022-11-11 09:21:07
FILE     : VBoxApi.cpp
FUNCTION : VB_GetMachineState
LINENUM  : 1985
DETAIL   : Machine Status  = 5

TIME     : 2022-11-11 09:21:07
FILE     : VBoxApi.cpp
FUNCTION : VB_RemoveSharedFolder
LINENUM  : 4057
DETAIL   : ErrorCode is "110". Detail : VB_ERR_REMOVE_SHAREDFOLDER_FAIL

TIME     : 2022-11-11 09:21:07
FILE     : VBoxApi.cpp
FUNCTION : VB_AddSharedFolder
LINENUM  : 3971
DETAIL   : ErrorCode is "110". Detail : VB_ERR_REMOVE_SHAREDFOLDER_FAIL

TIME     : 2022-11-11 09:21:07
FILE     : VBoxApi.cpp
FUNCTION : VB_RemoveSharedFolder
LINENUM  : 4057
DETAIL   : ErrorCode is "110". Detail : VB_ERR_REMOVE_SHAREDFOLDER_FAIL

TIME     : 2022-11-11 09:21:07
FILE     : VBoxApi.cpp
FUNCTION : VB_AddSharedFolder
LINENUM  : 3971
DETAIL   : ErrorCode is "110". Detail : VB_ERR_REMOVE_SHAREDFOLDER_FAIL

TIME     : 2022-11-11 09:21:07
FILE     : VBoxApi.cpp
FUNCTION : VB_RemoveSharedFolder
LINENUM  : 4057
DETAIL   : ErrorCode is "110". Detail : VB_ERR_REMOVE_SHAREDFOLDER_FAIL

TIME     : 2022-11-11 09:21:07
FILE     : VBoxApi.cpp
FUNCTION : VB_AddSharedFolder
LINENUM  : 3971
DETAIL   : ErrorCode is "110". Detail : VB_ERR_REMOVE_SHAREDFOLDER_FAIL

TIME     : 2022-11-11 09:21:52
FILE     : VBoxApi.cpp
FUNCTION : VB_CheckVM_BridgeInterFace
LINENUM  : 7917
DETAIL   : c bridge done

TIME     : 2022-11-11 10:46:50
FILE     : VBoxApi.cpp
FUNCTION : VB_GetMachineState
LINENUM  : 1985
DETAIL   : Machine Status  = 1

